Loading checkpoint shards:   0%|          | 0/5 [00:00<?, ?it/s]
Loading checkpoint shards:  20%|██        | 1/5 [00:00<00:00,  8.31it/s]
Loading checkpoint shards: 100%|██████████| 5/5 [00:00<00:00, 26.64it/s]
STEP 0 LR1e-05 ---- LOSS 0.44786524772644043
STEP 1 LR1e-05 ---- LOSS 1.080283522605896
STEP 2 LR1e-05 ---- LOSS 0.5798087120056152
STEP 3 LR1e-05 ---- LOSS 0.7143672704696655
STEP 4 LR1e-05 ---- LOSS 1.0651317834854126
STEP 5 LR1e-05 ---- LOSS 0.8195312023162842
STEP 6 LR1e-05 ---- LOSS 0.5560111403465271
STEP 7 LR1e-05 ---- LOSS 1.3331290483474731
STEP 8 LR1e-05 ---- LOSS 1.2810500383377077
STEP 9 LR1e-05 ---- LOSS 1.2211558568477632
STEP 10 LR1e-05 ---- LOSS 1.1672262622118
STEP 11 LR1e-05 ---- LOSS 1.1302063351750375
STEP 12 LR1e-05 ---- LOSS 1.078399433423281
STEP 13 LR1e-05 ---- LOSS 1.0129287693463567
STEP 14 LR1e-05 ---- LOSS 0.9862465846743705
STEP 15 LR1e-05 ---- LOSS 0.9595239986365904
STEP 16 LR1e-05 ---- LOSS 0.911021047477651
STEP 17 LR1e-05 ---- LOSS 0.8660873356265382
STEP 18 LR1e-05 ---- LOSS 0.8140535935284993
STEP 19 LR1e-05 ---- LOSS 0.7820972220172555
STEP 20 LR1e-05 ---- LOSS 0.7799258067670528
STEP 21 LR1e-05 ---- LOSS 0.7345123888072131
STEP 22 LR1e-05 ---- LOSS 0.7279774547532284
STEP 23 LR1e-05 ---- LOSS 0.6809601635558978
STEP 24 LR1e-05 ---- LOSS 0.6644272074839689
STEP 25 LR1e-05 ---- LOSS 0.632078000820388
STEP 26 LR1e-05 ---- LOSS 0.6531241615862039
STEP 27 LR1e-05 ---- LOSS 0.6462382924780596
STEP 28 LR1e-05 ---- LOSS 0.6229918794833436
STEP 29 LR1e-05 ---- LOSS 0.608014955848707
STEP 30 LR1e-05 ---- LOSS 0.6056661499115109
STEP 31 LR1e-05 ---- LOSS 0.5791860931431305
STEP 32 LR1e-05 ---- LOSS 0.5793536049111234
STEP 33 LR1e-05 ---- LOSS 0.5562294967755866
STEP 34 LR1e-05 ---- LOSS 0.5313440395401591
STEP 35 LR1e-05 ---- LOSS 0.5201774090236432
STEP 36 LR1e-05 ---- LOSS 0.5072890922164327
STEP 37 LR1e-05 ---- LOSS 0.48286994141954837
STEP 38 LR1e-05 ---- LOSS 0.47583796539263723
STEP 39 LR1e-05 ---- LOSS 0.4529391448946905
STEP 40 LR1e-05 ---- LOSS 0.4550767857955794
STEP 41 LR1e-05 ---- LOSS 0.44668739907087984
STEP 42 LR1e-05 ---- LOSS 0.4262621734035799
STEP 43 LR1e-05 ---- LOSS 0.4430729806565752
STEP 44 LR1e-05 ---- LOSS 0.455549650801138
STEP 45 LR1e-05 ---- LOSS 0.43797075457535617
STEP 46 LR1e-05 ---- LOSS 0.4179578754946211
STEP 47 LR1e-05 ---- LOSS 0.41436046960752776
STEP 48 LR1e-05 ---- LOSS 0.39862478616358255
STEP 49 LR1e-05 ---- LOSS 0.3958161071764357
STEP 50 LR1e-05 ---- LOSS 0.39328022561910103
STEP 51 LR1e-05 ---- LOSS 0.38974189545907695
STEP 52 LR1e-05 ---- LOSS 0.38644948112545713
STEP 53 LR1e-05 ---- LOSS 0.3761619196019617
STEP 54 LR1e-05 ---- LOSS 0.3654511361433906
STEP 55 LR1e-05 ---- LOSS 0.3564750393432834
STEP 56 LR1e-05 ---- LOSS 0.35803673030756045
STEP 57 LR1e-05 ---- LOSS 0.3476684453650307
STEP 58 LR1e-05 ---- LOSS 0.3331816803721182
STEP 59 LR1e-05 ---- LOSS 0.31431537669666937
STEP 60 LR1e-05 ---- LOSS 0.32200994910390673
STEP 61 LR1e-05 ---- LOSS 0.31330186863176374
STEP 62 LR1e-05 ---- LOSS 0.3185614651986869
STEP 63 LR1e-05 ---- LOSS 0.3307872450246434
STEP 64 LR1e-05 ---- LOSS 0.3131993489766735
STEP 65 LR1e-05 ---- LOSS 0.2983392695162849
STEP 66 LR1e-05 ---- LOSS 0.30624949213035313
STEP 67 LR1e-05 ---- LOSS 0.3039177800074286
STEP 68 LR1e-05 ---- LOSS 0.3012742559482217
STEP 69 LR1e-05 ---- LOSS 0.32128224614586476
STEP 70 LR1e-05 ---- LOSS 0.3158009038268868
STEP 71 LR1e-05 ---- LOSS 0.31050121658140517
STEP 72 LR1e-05 ---- LOSS 0.3107365418055126
STEP 73 LR1e-05 ---- LOSS 0.32374674218104504
STEP 74 LR1e-05 ---- LOSS 0.3128207084882816
STEP 75 LR1e-05 ---- LOSS 0.3111105016483569
STEP 76 LR1e-05 ---- LOSS 0.30819188221815563
STEP 77 LR1e-05 ---- LOSS 0.2969858452486098
STEP 78 LR1e-05 ---- LOSS 0.29017296476427623
STEP 79 LR1e-05 ---- LOSS 0.3004711929851524
STEP 80 LR1e-05 ---- LOSS 0.32506355022434164
STEP 81 LR1e-05 ---- LOSS 0.3141643512997964
STEP 82 LR1e-05 ---- LOSS 0.3267328806597536
STEP 83 LR1e-05 ---- LOSS 0.3281570882688652
STEP 84 LR1e-05 ---- LOSS 0.31883247593856073
STEP 85 LR1e-05 ---- LOSS 0.326622059045579
STEP 86 LR1e-05 ---- LOSS 0.32783687421531615
STEP 87 LR1e-05 ---- LOSS 0.3140471053914828
STEP 88 LR1e-05 ---- LOSS 0.34493252689808035
STEP 89 LR1e-05 ---- LOSS 0.34651527454110465
STEP 90 LR1e-05 ---- LOSS 0.3324605657129212
STEP 91 LR1e-05 ---- LOSS 0.3337484777094773
STEP 92 LR1e-05 ---- LOSS 0.3203697350730167
STEP 93 LR1e-05 ---- LOSS 0.3074199808039963
STEP 94 LR1e-05 ---- LOSS 0.2978623884080678
STEP 95 LR1e-05 ---- LOSS 0.2909867787801173
STEP 96 LR1e-05 ---- LOSS 0.29466293076660754
STEP 97 LR1e-05 ---- LOSS 0.3248114927409874
STEP 98 LR1e-05 ---- LOSS 0.3142192611514437
STEP 99 LR1e-05 ---- LOSS 0.3089116468506075
STEP 100 LR1e-05 ---- LOSS 0.3186386037895397
STEP 101 LR1e-05 ---- LOSS 0.3286604948964103
STEP 102 LR1e-05 ---- LOSS 0.3241093458050237
STEP 103 LR1e-05 ---- LOSS 0.33531709623161665
STEP 104 LR1e-05 ---- LOSS 0.3476611177190278
STEP 105 LR1e-05 ---- LOSS 0.3507802546081663
STEP 106 LR1e-05 ---- LOSS 0.3472429001382936
STEP 107 LR1e-05 ---- LOSS 0.3422445044563963
STEP 108 LR1e-05 ---- LOSS 0.3351095007938225
STEP 109 LR1e-05 ---- LOSS 0.32445010427374354
STEP 110 LR1e-05 ---- LOSS 0.33750071421628036
STEP 111 LR1e-05 ---- LOSS 0.3207121935072378
STEP 112 LR1e-05 ---- LOSS 0.32455055832113344
STEP 113 LR1e-05 ---- LOSS 0.3436005376509922
STEP 114 LR1e-05 ---- LOSS 0.34241273367989933
STEP 115 LR1e-05 ---- LOSS 0.3465397867374618
STEP 116 LR1e-05 ---- LOSS 0.3496676426660716
STEP 117 LR1e-05 ---- LOSS 0.3403011955200165
STEP 118 LR1e-05 ---- LOSS 0.3411392507593509
STEP 119 LR1e-05 ---- LOSS 0.3519623402631888
STEP 120 LR1e-05 ---- LOSS 0.36914707337706765
STEP 121 LR1e-05 ---- LOSS 0.3842206637402429
STEP 122 LR1e-05 ---- LOSS 0.37415615680873876
STEP 123 LR1e-05 ---- LOSS 0.3630520161663933
STEP 124 LR1e-05 ---- LOSS 0.352884863913844
STEP 125 LR1e-05 ---- LOSS 0.3419655309028536
STEP 126 LR1e-05 ---- LOSS 0.33975319676760823
STEP 127 LR1e-05 ---- LOSS 0.34608698439446683
STEP 128 LR1e-05 ---- LOSS 0.3723557640777313
STEP 129 LR1e-05 ---- LOSS 0.36314724829789546
STEP 130 LR1e-05 ---- LOSS 0.35805813920792834
STEP 131 LR1e-05 ---- LOSS 0.3590176831391176
STEP 132 LR1e-05 ---- LOSS 0.35025255358577256
STEP 133 LR1e-05 ---- LOSS 0.34898910054290727
STEP 134 LR1e-05 ---- LOSS 0.3360830378120342
STEP 135 LR1e-05 ---- LOSS 0.3253416626082539
STEP 136 LR1e-05 ---- LOSS 0.3312724866056454
STEP 137 LR1e-05 ---- LOSS 0.3239708010182391
STEP 138 LR1e-05 ---- LOSS 0.32434208367695905
STEP 139 LR1e-05 ---- LOSS 0.33301027573135944
STEP 140 LR1e-05 ---- LOSS 0.334902250382192
STEP 141 LR1e-05 ---- LOSS 0.3270253809805695
STEP 142 LR1e-05 ---- LOSS 0.3288008456691489
STEP 143 LR1e-05 ---- LOSS 0.3440373377738344
STEP 144 LR1e-05 ---- LOSS 0.3447558525268388
STEP 145 LR1e-05 ---- LOSS 0.34160870102621493
STEP 146 LR1e-05 ---- LOSS 0.3304936464510326
STEP 147 LR1e-05 ---- LOSS 0.3257880099906293
STEP 148 LR1e-05 ---- LOSS 0.32426397099737236
STEP 149 LR1e-05 ---- LOSS 0.3206008263943545
STEP 150 LR1e-05 ---- LOSS 0.3201804776654797
STEP 151 LR1e-05 ---- LOSS 0.33424205955858444
STEP 152 LR1e-05 ---- LOSS 0.3313314590781517
STEP 153 LR1e-05 ---- LOSS 0.3315950698193538
STEP 154 LR1e-05 ---- LOSS 0.3342764347675408
STEP 155 LR1e-05 ---- LOSS 0.3255622017278938
STEP 156 LR1e-05 ---- LOSS 0.3308327670003178
STEP 157 LR1e-05 ---- LOSS 0.3292574264203193
STEP 158 LR1e-05 ---- LOSS 0.33125169970941687
STEP 159 LR1e-05 ---- LOSS 0.3214779963942064
STEP 160 LR1e-05 ---- LOSS 0.3394755963252509
STEP 161 LR1e-05 ---- LOSS 0.33445857558547176
STEP 162 LR1e-05 ---- LOSS 0.3326331966569905
STEP 163 LR1e-05 ---- LOSS 0.3246313268051342
STEP 164 LR1e-05 ---- LOSS 0.31908997006170114
STEP 165 LR1e-05 ---- LOSS 0.3244417349125638
STEP 166 LR1e-05 ---- LOSS 0.3220487033986176
STEP 167 LR1e-05 ---- LOSS 0.31344156375495713
STEP 168 LR1e-05 ---- LOSS 0.32763343373806586
STEP 169 LR1e-05 ---- LOSS 0.3208200066078124
STEP 170 LR1e-05 ---- LOSS 0.31409571130172176
STEP 171 LR1e-05 ---- LOSS 0.3317664583840587
STEP 172 LR1e-05 ---- LOSS 0.3349523234652238
STEP 173 LR1e-05 ---- LOSS 0.3316389639633975
STEP 174 LR1e-05 ---- LOSS 0.32931856388968955
STEP 175 LR1e-05 ---- LOSS 0.32363640435149726
STEP 176 LR1e-05 ---- LOSS 0.3300483718598824
STEP 177 LR1e-05 ---- LOSS 0.33339614526196787
STEP 178 LR1e-05 ---- LOSS 0.3385374384143752
STEP 179 LR1e-05 ---- LOSS 0.33053664598037025
STEP 180 LR1e-05 ---- LOSS 0.32527960449310445
STEP 181 LR1e-05 ---- LOSS 0.3179667423056272
STEP 182 LR1e-05 ---- LOSS 0.3142124530571736
STEP 183 LR1e-05 ---- LOSS 0.310179801305953
STEP 184 LR1e-05 ---- LOSS 0.3098883255012244
STEP 185 LR1e-05 ---- LOSS 0.31949940535611604
STEP 186 LR1e-05 ---- LOSS 0.3142355103479626
STEP 187 LR1e-05 ---- LOSS 0.3084452079999568
STEP 188 LR1e-05 ---- LOSS 0.3022994974793305
STEP 189 LR1e-05 ---- LOSS 0.31717243011665136
STEP 190 LR1e-05 ---- LOSS 0.30907159640674403
STEP 191 LR1e-05 ---- LOSS 0.30878676707403013
STEP 192 LR1e-05 ---- LOSS 0.2995360112326397
STEP 193 LR1e-05 ---- LOSS 0.3283052756908882
STEP 194 LR1e-05 ---- LOSS 0.32110816072136295
STEP 195 LR1e-05 ---- LOSS 0.323204208887012
STEP 196 LR1e-05 ---- LOSS 0.33157954169189147
STEP 197 LR1e-05 ---- LOSS 0.32884817021675594
STEP 198 LR1e-05 ---- LOSS 0.3200338366412016
STEP 199 LR1e-05 ---- LOSS 0.31763481939878097
STEP 200 LR1e-05 ---- LOSS 0.32556813220720915
STEP 201 LR1e-05 ---- LOSS 0.3264820181775817
STEP 202 LR1e-05 ---- LOSS 0.3204666081174071
STEP 203 LR1e-05 ---- LOSS 0.30906122950647974
STEP 204 LR1e-05 ---- LOSS 0.3107507112139586
STEP 205 LR1e-05 ---- LOSS 0.32411900304384145
STEP 206 LR1e-05 ---- LOSS 0.31839435228074
STEP 207 LR1e-05 ---- LOSS 0.3136989646705783
STEP 208 LR1e-05 ---- LOSS 0.32370150448853935
STEP 209 LR1e-05 ---- LOSS 0.3294670524773762
STEP 210 LR1e-05 ---- LOSS 0.32546716117064045
STEP 211 LR1e-05 ---- LOSS 0.32267893716573615
STEP 212 LR1e-05 ---- LOSS 0.32375783650469686
STEP 213 LR1e-05 ---- LOSS 0.326160331920313
STEP 214 LR1e-05 ---- LOSS 0.3293278846343105
STEP 215 LR1e-05 ---- LOSS 0.32954950629470453
STEP 216 LR1e-05 ---- LOSS 0.33142988531706663
STEP 217 LR1e-05 ---- LOSS 0.3368463186822945
STEP 218 LR1e-05 ---- LOSS 0.3358672888638926
STEP 219 LR1e-05 ---- LOSS 0.35070140941998534
STEP 220 LR1e-05 ---- LOSS 0.35512587533051826
STEP 221 LR1e-05 ---- LOSS 0.3451886752753412
STEP 222 LR1e-05 ---- LOSS 0.3387157511272092
STEP 223 LR1e-05 ---- LOSS 0.34499337001663977
STEP 224 LR1e-05 ---- LOSS 0.3352462281944382
STEP 225 LR1e-05 ---- LOSS 0.3433808592106725
STEP 226 LR1e-05 ---- LOSS 0.33122940276376833
STEP 227 LR1e-05 ---- LOSS 0.3257272816983977
STEP 228 LR1e-05 ---- LOSS 0.32128272747589226
STEP 229 LR1e-05 ---- LOSS 0.3320085760557032
STEP 230 LR1e-05 ---- LOSS 0.3253297260347048
STEP 231 LR1e-05 ---- LOSS 0.3289733306416606
STEP 232 LR1e-05 ---- LOSS 0.32080374293167013
STEP 233 LR1e-05 ---- LOSS 0.3182492655453558
STEP 234 LR1e-05 ---- LOSS 0.3309069098774322
STEP 235 LR1e-05 ---- LOSS 0.33422526613566833
STEP 236 LR1e-05 ---- LOSS 0.3530912479373237
STEP 237 LR1e-05 ---- LOSS 0.3677220565628189
STEP 238 LR1e-05 ---- LOSS 0.35506473981301595
STEP 239 LR1e-05 ---- LOSS 0.352470976140743
STEP 240 LR1e-05 ---- LOSS 0.36286857607362766
STEP 241 LR1e-05 ---- LOSS 0.3683171738600561
STEP 242 LR1e-05 ---- LOSS 0.35697709644578357
STEP 243 LR1e-05 ---- LOSS 0.3402524393028837
STEP 244 LR1e-05 ---- LOSS 0.3338970811271806
STEP 245 LR1e-05 ---- LOSS 0.3405585471782809
STEP 246 LR1e-05 ---- LOSS 0.3328567728990667
STEP 247 LR1e-05 ---- LOSS 0.35821958055445724
STEP 248 LR1e-05 ---- LOSS 0.35213227573349337
STEP 249 LR1e-05 ---- LOSS 0.3507482245860779
STEP 250 LR1e-05 ---- LOSS 0.34487920123025334
STEP 251 LR1e-05 ---- LOSS 0.3675879936011245
STEP 252 LR1e-05 ---- LOSS 0.35649489467665046
STEP 253 LR1e-05 ---- LOSS 0.34263841902009684
STEP 254 LR1e-05 ---- LOSS 0.33632189567201176
STEP 255 LR1e-05 ---- LOSS 0.3287828731713847
STEP 256 LR1e-05 ---- LOSS 0.34760828925771914
STEP 257 LR1e-05 ---- LOSS 0.3402834008360213
STEP 258 LR1e-05 ---- LOSS 0.3381366047463691
STEP 259 LR1e-05 ---- LOSS 0.3288731780530699
STEP 260 LR1e-05 ---- LOSS 0.3188830203010161
STEP 261 LR1e-05 ---- LOSS 0.3158269094997811
STEP 262 LR1e-05 ---- LOSS 0.3063031912661345
STEP 263 LR1e-05 ---- LOSS 0.30394493765980757
STEP 264 LR1e-05 ---- LOSS 0.30458199883118947
STEP 265 LR1e-05 ---- LOSS 0.3256464532430382
STEP 266 LR1e-05 ---- LOSS 0.3173769755436848
STEP 267 LR1e-05 ---- LOSS 0.33041136055653136
STEP 268 LR1e-05 ---- LOSS 0.3309501611244515
STEP 269 LR1e-05 ---- LOSS 0.3247583779440971
STEP 270 LR1e-05 ---- LOSS 0.3226070588302599
STEP 271 LR1e-05 ---- LOSS 0.3172480510597217
STEP 272 LR1e-05 ---- LOSS 0.325037611746024
STEP 273 LR1e-05 ---- LOSS 0.331632339855937
STEP 274 LR1e-05 ---- LOSS 0.3221597944804202
STEP 275 LR1e-05 ---- LOSS 0.3145180679954443
STEP 276 LR1e-05 ---- LOSS 0.31902298369383997
STEP 277 LR1e-05 ---- LOSS 0.31881503795125654
STEP 278 LR1e-05 ---- LOSS 0.316073604236888
STEP 279 LR1e-05 ---- LOSS 0.3080863188006107
STEP 280 LR1e-05 ---- LOSS 0.3021851432589553
STEP 281 LR1e-05 ---- LOSS 0.29166537692557537
STEP 282 LR1e-05 ---- LOSS 0.2860078558660516
STEP 283 LR1e-05 ---- LOSS 0.2848692457679184
STEP 284 LR1e-05 ---- LOSS 0.2870813865187709
STEP 285 LR1e-05 ---- LOSS 0.31073892641570666
STEP 286 LR1e-05 ---- LOSS 0.30077492620205726
STEP 287 LR1e-05 ---- LOSS 0.3194167264609562
STEP 288 LR1e-05 ---- LOSS 0.329302938131305
STEP 289 LR1e-05 ---- LOSS 0.33791045965058725
STEP 290 LR1e-05 ---- LOSS 0.3234854053375404
STEP 291 LR1e-05 ---- LOSS 0.31842661299561986
STEP 292 LR1e-05 ---- LOSS 0.3267695104919868
STEP 293 LR1e-05 ---- LOSS 0.32542915903118236
STEP 294 LR1e-05 ---- LOSS 0.3274490365021257
STEP 295 LR1e-05 ---- LOSS 0.31862296569044846
STEP 296 LR1e-05 ---- LOSS 0.30561359740223404
STEP 297 LR1e-05 ---- LOSS 0.3090800108038716
STEP 298 LR1e-05 ---- LOSS 0.3126309032610058

Logit for '1': 21.25, Logit for '2': 29.875
Logit for '1': 24.625, Logit for '2': 30.25
Logit for '1': 22.125, Logit for '2': 32.75
Logit for '1': 20.125, Logit for '2': 34.75
Logit for '1': 17.875, Logit for '2': 34.25
Logit for '1': 21.875, Logit for '2': 34.75
Logit for '1': 23.5, Logit for '2': 30.75
Logit for '1': 22.75, Logit for '2': 30.375
Logit for '1': 24.0, Logit for '2': 29.875
Logit for '1': 22.0, Logit for '2': 31.0
Logit for '1': 19.625, Logit for '2': 33.0
Logit for '1': 20.125, Logit for '2': 32.5
Logit for '1': 22.75, Logit for '2': 28.625
Logit for '1': 21.75, Logit for '2': 31.625
Logit for '1': 19.5, Logit for '2': 34.75
Logit for '1': 22.625, Logit for '2': 35.0
Logit for '1': 20.625, Logit for '2': 32.5
Logit for '1': 20.25, Logit for '2': 33.75
Logit for '1': 20.5, Logit for '2': 36.0
Logit for '1': 20.375, Logit for '2': 36.0
Logit for '1': 22.25, Logit for '2': 33.0
Logit for '1': 20.875, Logit for '2': 33.0
Logit for '1': 22.25, Logit for '2': 29.875
Logit for '1': 20.75, Logit for '2': 34.25
Logit for '1': 23.375, Logit for '2': 32.75
Logit for '1': 24.0, Logit for '2': 31.5
Logit for '1': 23.25, Logit for '2': 33.5
Logit for '1': 22.375, Logit for '2': 33.5
Logit for '1': 23.75, Logit for '2': 30.125
Logit for '1': 23.125, Logit for '2': 32.0
Logit for '1': 23.25, Logit for '2': 32.75
Logit for '1': 20.875, Logit for '2': 32.75
Logit for '1': 21.75, Logit for '2': 32.25
Logit for '1': 22.375, Logit for '2': 32.75
Logit for '1': 22.75, Logit for '2': 28.375
Logit for '1': 23.25, Logit for '2': 32.75
Logit for '1': 23.875, Logit for '2': 32.75
Logit for '1': 24.375, Logit for '2': 29.375
Logit for '1': 26.25, Logit for '2': 29.625
Logit for '1': 24.875, Logit for '2': 29.625
Logit for '1': 19.125, Logit for '2': 34.5
Logit for '1': 20.125, Logit for '2': 31.625
Logit for '1': 18.625, Logit for '2': 33.25
Logit for '1': 23.625, Logit for '2': 29.125
Logit for '1': 21.125, Logit for '2': 31.875
Logit for '1': 20.0, Logit for '2': 33.5
Logit for '1': 23.125, Logit for '2': 31.0
Logit for '1': 21.875, Logit for '2': 33.75
Logit for '1': 22.875, Logit for '2': 32.0
Logit for '1': 22.75, Logit for '2': 34.25
Logit for '1': 20.25, Logit for '2': 35.0
Logit for '1': 22.5, Logit for '2': 33.5
Logit for '1': 21.0, Logit for '2': 33.0
Logit for '1': 23.875, Logit for '2': 36.5
Logit for '1': 21.25, Logit for '2': 29.75
Logit for '1': 20.875, Logit for '2': 34.5
Logit for '1': 23.5, Logit for '2': 27.625
Logit for '1': 22.25, Logit for '2': 29.625
Logit for '1': 21.5, Logit for '2': 30.875
Logit for '1': 20.75, Logit for '2': 30.625
Logit for '1': 20.75, Logit for '2': 31.0
Logit for '1': 28.125, Logit for '2': 29.625
Logit for '1': 20.5, Logit for '2': 34.5
Logit for '1': 23.625, Logit for '2': 34.25
Logit for '1': 23.625, Logit for '2': 33.25
Logit for '1': 23.75, Logit for '2': 30.75
Logit for '1': 22.125, Logit for '2': 36.0
Logit for '1': 29.75, Logit for '2': 30.625
Logit for '1': 25.75, Logit for '2': 26.625
Logit for '1': 20.75, Logit for '2': 35.0
Logit for '1': 23.0, Logit for '2': 33.75
Logit for '1': 22.875, Logit for '2': 31.875
Logit for '1': 25.125, Logit for '2': 32.25
Logit for '1': 26.75, Logit for '2': 29.125
Logit for '1': 21.875, Logit for '2': 34.0
Logit for '1': 23.75, Logit for '2': 34.25
Logit for '1': 22.625, Logit for '2': 30.25
Logit for '1': 29.125, Logit for '2': 27.625
Logit for '1': 23.0, Logit for '2': 31.5
Logit for '1': 22.625, Logit for '2': 34.0
Logit for '1': 22.625, Logit for '2': 32.25
Logit for '1': 23.125, Logit for '2': 33.75
Logit for '1': 21.875, Logit for '2': 33.0
Logit for '1': 24.25, Logit for '2': 33.5
Logit for '1': 23.125, Logit for '2': 30.0
Logit for '1': 21.25, Logit for '2': 32.25
Logit for '1': 21.5, Logit for '2': 31.5
Logit for '1': 22.25, Logit for '2': 29.75
Logit for '1': 21.875, Logit for '2': 34.5
Logit for '1': 22.375, Logit for '2': 33.25
Logit for '1': 21.375, Logit for '2': 37.0
Logit for '1': 22.0, Logit for '2': 35.75
Logit for '1': 18.625, Logit for '2': 35.5
Logit for '1': 19.75, Logit for '2': 34.25
Logit for '1': 23.375, Logit for '2': 33.25
Logit for '1': 21.625, Logit for '2': 34.75
Logit for '1': 22.75, Logit for '2': 31.5
Logit for '1': 21.125, Logit for '2': 31.5
Logit for '1': 20.125, Logit for '2': 33.25
Logit for '1': 19.5, Logit for '2': 35.75
STEP 298 LR1e-05 ---- MON (2, 98, 0)
STEP 299 LR1e-05 ---- LOSS 0.3215243949327766

Loading checkpoint shards:   0%|          | 0/5 [00:00<?, ?it/s]
Loading checkpoint shards:  20%|██        | 1/5 [00:00<00:00,  7.93it/s]
Loading checkpoint shards: 100%|██████████| 5/5 [00:00<00:00, 25.21it/s]
STEP 0 LR3e-05 ---- LOSS 0.44786524772644043
STEP 1 LR3e-05 ---- LOSS 1.080283522605896
STEP 2 LR3e-05 ---- LOSS 0.5798087120056152
STEP 3 LR3e-05 ---- LOSS 0.7143672704696655
STEP 4 LR3e-05 ---- LOSS 1.0651317834854126
STEP 5 LR3e-05 ---- LOSS 0.8195312023162842
STEP 6 LR3e-05 ---- LOSS 0.5560111403465271
STEP 7 LR3e-05 ---- LOSS 1.3331290483474731
STEP 8 LR3e-05 ---- LOSS 1.2701479077339173
STEP 9 LR3e-05 ---- LOSS 1.1992578637599947
STEP 10 LR3e-05 ---- LOSS 1.1264391242265703
STEP 11 LR3e-05 ---- LOSS 1.0676423220753672
STEP 12 LR3e-05 ---- LOSS 1.0191534974205496
STEP 13 LR3e-05 ---- LOSS 0.9483548627520801
STEP 14 LR3e-05 ---- LOSS 0.9168386661611678
STEP 15 LR3e-05 ---- LOSS 0.886706394279243
STEP 16 LR3e-05 ---- LOSS 0.83563003151796
STEP 17 LR3e-05 ---- LOSS 0.7881784666405476
STEP 18 LR3e-05 ---- LOSS 0.7379274662279806
STEP 19 LR3e-05 ---- LOSS 0.7030571159074057
STEP 20 LR3e-05 ---- LOSS 0.6947824468925013
STEP 21 LR3e-05 ---- LOSS 0.6513767192406429
STEP 22 LR3e-05 ---- LOSS 0.6407298221864974
STEP 23 LR3e-05 ---- LOSS 0.6011575303684481
STEP 24 LR3e-05 ---- LOSS 0.5785477467367776
STEP 25 LR3e-05 ---- LOSS 0.5456012583961839
STEP 26 LR3e-05 ---- LOSS 0.5489112106434185
STEP 27 LR3e-05 ---- LOSS 0.5387466163162898
STEP 28 LR3e-05 ---- LOSS 0.5166152486852865
STEP 29 LR3e-05 ---- LOSS 0.5058630856560523
STEP 30 LR3e-05 ---- LOSS 0.5023778485673834
STEP 31 LR3e-05 ---- LOSS 0.48134654528661097
STEP 32 LR3e-05 ---- LOSS 0.4712807962307053
STEP 33 LR3e-05 ---- LOSS 0.4520556803651497
STEP 34 LR3e-05 ---- LOSS 0.42974656159649893
STEP 35 LR3e-05 ---- LOSS 0.41765691937479915
STEP 36 LR3e-05 ---- LOSS 0.40044487507468646
STEP 37 LR3e-05 ---- LOSS 0.3805860742151098
STEP 38 LR3e-05 ---- LOSS 0.3748567310767791
STEP 39 LR3e-05 ---- LOSS 0.35429957131720374
STEP 40 LR3e-05 ---- LOSS 0.3537462200538229
STEP 41 LR3e-05 ---- LOSS 0.33882056735300226
STEP 42 LR3e-05 ---- LOSS 0.32713643517205004
STEP 43 LR3e-05 ---- LOSS 0.3335703623841007
STEP 44 LR3e-05 ---- LOSS 0.3341186862483441
STEP 45 LR3e-05 ---- LOSS 0.31796429347647603
STEP 46 LR3e-05 ---- LOSS 0.30565849654364624
STEP 47 LR3e-05 ---- LOSS 0.30422335904080905
STEP 48 LR3e-05 ---- LOSS 0.2975294697991542
STEP 49 LR3e-05 ---- LOSS 0.2938733943144856
STEP 50 LR3e-05 ---- LOSS 0.28481753151181743
STEP 51 LR3e-05 ---- LOSS 0.28192525041607086
STEP 52 LR3e-05 ---- LOSS 0.28194793104386684
STEP 53 LR3e-05 ---- LOSS 0.27542359118988835
STEP 54 LR3e-05 ---- LOSS 0.26830642061231186
STEP 55 LR3e-05 ---- LOSS 0.26493101689336584
STEP 56 LR3e-05 ---- LOSS 0.2534375686030199
STEP 57 LR3e-05 ---- LOSS 0.24684049325412005
STEP 58 LR3e-05 ---- LOSS 0.23969880614184283
STEP 59 LR3e-05 ---- LOSS 0.22523563689145096
STEP 60 LR3e-05 ---- LOSS 0.22883949803846462
STEP 61 LR3e-05 ---- LOSS 0.22522072608057309
STEP 62 LR3e-05 ---- LOSS 0.22252232087955162
STEP 63 LR3e-05 ---- LOSS 0.23268863189195352
STEP 64 LR3e-05 ---- LOSS 0.2195678014574178
STEP 65 LR3e-05 ---- LOSS 0.20777761942306708
STEP 66 LR3e-05 ---- LOSS 0.20508039599203662
STEP 67 LR3e-05 ---- LOSS 0.20430736785122988
STEP 68 LR3e-05 ---- LOSS 0.1995022077410451
STEP 69 LR3e-05 ---- LOSS 0.20202467403254196
STEP 70 LR3e-05 ---- LOSS 0.19951987768508153
STEP 71 LR3e-05 ---- LOSS 0.1983587027069672
STEP 72 LR3e-05 ---- LOSS 0.2013374147245357
STEP 73 LR3e-05 ---- LOSS 0.20755766130349662
STEP 74 LR3e-05 ---- LOSS 0.20071736541564728
STEP 75 LR3e-05 ---- LOSS 0.20246971011616707
STEP 76 LR3e-05 ---- LOSS 0.20468061590604114
STEP 77 LR3e-05 ---- LOSS 0.19721618823181505
STEP 78 LR3e-05 ---- LOSS 0.19242114602301344
STEP 79 LR3e-05 ---- LOSS 0.20196719567871532
STEP 80 LR3e-05 ---- LOSS 0.22983658254948058
STEP 81 LR3e-05 ---- LOSS 0.22301189846521735
STEP 82 LR3e-05 ---- LOSS 0.22942918908649193
STEP 83 LR3e-05 ---- LOSS 0.22498066310930406
STEP 84 LR3e-05 ---- LOSS 0.21502204017205379
STEP 85 LR3e-05 ---- LOSS 0.2166367332014144
STEP 86 LR3e-05 ---- LOSS 0.2258623087292344
STEP 87 LR3e-05 ---- LOSS 0.21650783662963785
STEP 88 LR3e-05 ---- LOSS 0.22958219747217487
STEP 89 LR3e-05 ---- LOSS 0.22738038033668986
STEP 90 LR3e-05 ---- LOSS 0.22119385627291913
STEP 91 LR3e-05 ---- LOSS 0.2201246332590191
STEP 92 LR3e-05 ---- LOSS 0.21488598836640196
STEP 93 LR3e-05 ---- LOSS 0.2047106156037421
STEP 94 LR3e-05 ---- LOSS 0.20022724830682614
STEP 95 LR3e-05 ---- LOSS 0.1963900679073531
STEP 96 LR3e-05 ---- LOSS 0.19396231952802528
STEP 97 LR3e-05 ---- LOSS 0.20183816597011262
STEP 98 LR3e-05 ---- LOSS 0.19660508225989257
STEP 99 LR3e-05 ---- LOSS 0.19577766439883634
STEP 100 LR3e-05 ---- LOSS 0.19665132893534357
STEP 101 LR3e-05 ---- LOSS 0.20289872825215924
STEP 102 LR3e-05 ---- LOSS 0.20351944035354855
STEP 103 LR3e-05 ---- LOSS 0.21561820208487156
STEP 104 LR3e-05 ---- LOSS 0.2228748670171849
STEP 105 LR3e-05 ---- LOSS 0.21639415213028956
STEP 106 LR3e-05 ---- LOSS 0.21381103028560017
STEP 107 LR3e-05 ---- LOSS 0.21581844266984762
STEP 108 LR3e-05 ---- LOSS 0.2146531830138019
STEP 109 LR3e-05 ---- LOSS 0.2073645538007663
STEP 110 LR3e-05 ---- LOSS 0.20443963967997847
STEP 111 LR3e-05 ---- LOSS 0.1935218390515955
STEP 112 LR3e-05 ---- LOSS 0.2054844304941456
STEP 113 LR3e-05 ---- LOSS 0.21746553823551779
STEP 114 LR3e-05 ---- LOSS 0.22028637837053458
STEP 115 LR3e-05 ---- LOSS 0.2328814051510196
STEP 116 LR3e-05 ---- LOSS 0.23051972973000717
STEP 117 LR3e-05 ---- LOSS 0.2180533740310524
STEP 118 LR3e-05 ---- LOSS 0.21944071800011286
STEP 119 LR3e-05 ---- LOSS 0.21534666970817348
STEP 120 LR3e-05 ---- LOSS 0.22255183656914324
STEP 121 LR3e-05 ---- LOSS 0.22315004676493966
STEP 122 LR3e-05 ---- LOSS 0.22296130397838024
STEP 123 LR3e-05 ---- LOSS 0.21943672065962855
STEP 124 LR3e-05 ---- LOSS 0.21379262118067896
STEP 125 LR3e-05 ---- LOSS 0.21136183954948087
STEP 126 LR3e-05 ---- LOSS 0.2053971670658043
STEP 127 LR3e-05 ---- LOSS 0.2060927286080108
STEP 128 LR3e-05 ---- LOSS 0.21025658854826565
STEP 129 LR3e-05 ---- LOSS 0.21074388512060888
STEP 130 LR3e-05 ---- LOSS 0.21063824672775727
STEP 131 LR3e-05 ---- LOSS 0.21327447157452042
STEP 132 LR3e-05 ---- LOSS 0.2092910715462226
STEP 133 LR3e-05 ---- LOSS 0.21151495354069397
STEP 134 LR3e-05 ---- LOSS 0.19751124793314748
STEP 135 LR3e-05 ---- LOSS 0.18885249090812037
STEP 136 LR3e-05 ---- LOSS 0.18918738984425154
STEP 137 LR3e-05 ---- LOSS 0.18805609247111638
STEP 138 LR3e-05 ---- LOSS 0.18828440398892785
STEP 139 LR3e-05 ---- LOSS 0.18842917851437055
STEP 140 LR3e-05 ---- LOSS 0.18729559783782593
STEP 141 LR3e-05 ---- LOSS 0.1764305997310224
STEP 142 LR3e-05 ---- LOSS 0.17339031711979
STEP 143 LR3e-05 ---- LOSS 0.18002338542726595
STEP 144 LR3e-05 ---- LOSS 0.17559098602104448
STEP 145 LR3e-05 ---- LOSS 0.17463846863003013
STEP 146 LR3e-05 ---- LOSS 0.17683427656315062
STEP 147 LR3e-05 ---- LOSS 0.18107060156424903
STEP 148 LR3e-05 ---- LOSS 0.18773677404666003
STEP 149 LR3e-05 ---- LOSS 0.18827924987027694
STEP 150 LR3e-05 ---- LOSS 0.1798295485408573
STEP 151 LR3e-05 ---- LOSS 0.18862202233953496
STEP 152 LR3e-05 ---- LOSS 0.19255504876568813
STEP 153 LR3e-05 ---- LOSS 0.18744549486215323
STEP 154 LR3e-05 ---- LOSS 0.18246050327875088
STEP 155 LR3e-05 ---- LOSS 0.18506726756564862
STEP 156 LR3e-05 ---- LOSS 0.17741777421419697
STEP 157 LR3e-05 ---- LOSS 0.16898597855614017
STEP 158 LR3e-05 ---- LOSS 0.1676331393055295
STEP 159 LR3e-05 ---- LOSS 0.16944795091141837
STEP 160 LR3e-05 ---- LOSS 0.18185544525852423
STEP 161 LR3e-05 ---- LOSS 0.18239669515434465
STEP 162 LR3e-05 ---- LOSS 0.18184915197262372
STEP 163 LR3e-05 ---- LOSS 0.17663742910953645
STEP 164 LR3e-05 ---- LOSS 0.17875840346037405
STEP 165 LR3e-05 ---- LOSS 0.17469370436685436
STEP 166 LR3e-05 ---- LOSS 0.17006809328809816
STEP 167 LR3e-05 ---- LOSS 0.1721025644077251
STEP 168 LR3e-05 ---- LOSS 0.17766801312566305
STEP 169 LR3e-05 ---- LOSS 0.17791248525679562
STEP 170 LR3e-05 ---- LOSS 0.1737164512172382
STEP 171 LR3e-05 ---- LOSS 0.18089931054965028
STEP 172 LR3e-05 ---- LOSS 0.1802296162610236
STEP 173 LR3e-05 ---- LOSS 0.1867675531773254
STEP 174 LR3e-05 ---- LOSS 0.1895416258753972
STEP 175 LR3e-05 ---- LOSS 0.18792359939053388
STEP 176 LR3e-05 ---- LOSS 0.1800158395841843
STEP 177 LR3e-05 ---- LOSS 0.1853445983953887
STEP 178 LR3e-05 ---- LOSS 0.1838959440911663
STEP 179 LR3e-05 ---- LOSS 0.17481906729860774
STEP 180 LR3e-05 ---- LOSS 0.18054766670993272
STEP 181 LR3e-05 ---- LOSS 0.1836500023257551
STEP 182 LR3e-05 ---- LOSS 0.18945090810523785
STEP 183 LR3e-05 ---- LOSS 0.18914290076553544
STEP 184 LR3e-05 ---- LOSS 0.18253189375453938
STEP 185 LR3e-05 ---- LOSS 0.18231795475292578
STEP 186 LR3e-05 ---- LOSS 0.18467473905153609
STEP 187 LR3e-05 ---- LOSS 0.18554356921494786
STEP 188 LR3e-05 ---- LOSS 0.18152775223953233
STEP 189 LR3e-05 ---- LOSS 0.18073982467564378
STEP 190 LR3e-05 ---- LOSS 0.17957381281536014
STEP 191 LR3e-05 ---- LOSS 0.1718827228839504
STEP 192 LR3e-05 ---- LOSS 0.16973831424969202
STEP 193 LR3e-05 ---- LOSS 0.1785027846979299
STEP 194 LR3e-05 ---- LOSS 0.1790065048891782
STEP 195 LR3e-05 ---- LOSS 0.18889490474091283
STEP 196 LR3e-05 ---- LOSS 0.19895264842056912
STEP 197 LR3e-05 ---- LOSS 0.20218672160455894
STEP 198 LR3e-05 ---- LOSS 0.1994518977774618
STEP 199 LR3e-05 ---- LOSS 0.19547166756154044
STEP 200 LR3e-05 ---- LOSS 0.19468473641301046
STEP 201 LR3e-05 ---- LOSS 0.19240351392231747
STEP 202 LR3e-05 ---- LOSS 0.19420955514969557
STEP 203 LR3e-05 ---- LOSS 0.18733422251995321
STEP 204 LR3e-05 ---- LOSS 0.18977940046002792
STEP 205 LR3e-05 ---- LOSS 0.19820085731038745
STEP 206 LR3e-05 ---- LOSS 0.19270675540169444
STEP 207 LR3e-05 ---- LOSS 0.19311498844802705
STEP 208 LR3e-05 ---- LOSS 0.1973859644905954
STEP 209 LR3e-05 ---- LOSS 0.19891385826255942
STEP 210 LR3e-05 ---- LOSS 0.19888802700745523
STEP 211 LR3e-05 ---- LOSS 0.19087737575329058
STEP 212 LR3e-05 ---- LOSS 0.1931868086024229
STEP 213 LR3e-05 ---- LOSS 0.19197682199753263
STEP 214 LR3e-05 ---- LOSS 0.19322090290078764
STEP 215 LR3e-05 ---- LOSS 0.18685910351952237
STEP 216 LR3e-05 ---- LOSS 0.1931923322190075
STEP 217 LR3e-05 ---- LOSS 0.19181653639458676
STEP 218 LR3e-05 ---- LOSS 0.18967867148622627
STEP 219 LR3e-05 ---- LOSS 0.19748813139830312
STEP 220 LR3e-05 ---- LOSS 0.19739922190398826
STEP 221 LR3e-05 ---- LOSS 0.19163103823087382
STEP 222 LR3e-05 ---- LOSS 0.1915804617782393
STEP 223 LR3e-05 ---- LOSS 0.2003323411804401
STEP 224 LR3e-05 ---- LOSS 0.19995540015655427
STEP 225 LR3e-05 ---- LOSS 0.20243951647959058
STEP 226 LR3e-05 ---- LOSS 0.1990477618826798
STEP 227 LR3e-05 ---- LOSS 0.20158439224243507
STEP 228 LR3e-05 ---- LOSS 0.1950310305829079
STEP 229 LR3e-05 ---- LOSS 0.19879259193616194
STEP 230 LR3e-05 ---- LOSS 0.19800716064581647
STEP 231 LR3e-05 ---- LOSS 0.19232015689202583
STEP 232 LR3e-05 ---- LOSS 0.19493215721835289
STEP 233 LR3e-05 ---- LOSS 0.19068672456135982
STEP 234 LR3e-05 ---- LOSS 0.19457577196768494
STEP 235 LR3e-05 ---- LOSS 0.20101416583071563
STEP 236 LR3e-05 ---- LOSS 0.21276394553670658
STEP 237 LR3e-05 ---- LOSS 0.21393090064247883
STEP 238 LR3e-05 ---- LOSS 0.207060184254531
STEP 239 LR3e-05 ---- LOSS 0.20783353999938126
STEP 240 LR3e-05 ---- LOSS 0.20957723399119577
STEP 241 LR3e-05 ---- LOSS 0.2089566481719941
STEP 242 LR3e-05 ---- LOSS 0.20790286743139003
STEP 243 LR3e-05 ---- LOSS 0.2034243766977916
STEP 244 LR3e-05 ---- LOSS 0.20216894815992084
STEP 245 LR3e-05 ---- LOSS 0.19741022292343466
STEP 246 LR3e-05 ---- LOSS 0.19636700633377752
STEP 247 LR3e-05 ---- LOSS 0.21205393448362578
STEP 248 LR3e-05 ---- LOSS 0.20200094260176862
STEP 249 LR3e-05 ---- LOSS 0.19573637256682674
STEP 250 LR3e-05 ---- LOSS 0.19368784644896472
STEP 251 LR3e-05 ---- LOSS 0.1986932398560168
STEP 252 LR3e-05 ---- LOSS 0.19816918447755472
STEP 253 LR3e-05 ---- LOSS 0.1966683367652538
STEP 254 LR3e-05 ---- LOSS 0.19860181210304878
STEP 255 LR3e-05 ---- LOSS 0.19003845376848205
STEP 256 LR3e-05 ---- LOSS 0.20486157944571098
STEP 257 LR3e-05 ---- LOSS 0.20799245069120337
STEP 258 LR3e-05 ---- LOSS 0.202797011700517
STEP 259 LR3e-05 ---- LOSS 0.2003579403465206
STEP 260 LR3e-05 ---- LOSS 0.19749192436086072
STEP 261 LR3e-05 ---- LOSS 0.1967484433014417
STEP 262 LR3e-05 ---- LOSS 0.19229241119854668
STEP 263 LR3e-05 ---- LOSS 0.19268882489531952
STEP 264 LR3e-05 ---- LOSS 0.19607692107256994
STEP 265 LR3e-05 ---- LOSS 0.2070745123448677
STEP 266 LR3e-05 ---- LOSS 0.20639098969304923
STEP 267 LR3e-05 ---- LOSS 0.2140118892836961
STEP 268 LR3e-05 ---- LOSS 0.21126486055687602
STEP 269 LR3e-05 ---- LOSS 0.2045186089810926
STEP 270 LR3e-05 ---- LOSS 0.1960053714219211
STEP 271 LR3e-05 ---- LOSS 0.19124300826521026
STEP 272 LR3e-05 ---- LOSS 0.18725344284413434
STEP 273 LR3e-05 ---- LOSS 0.1914383224609927
STEP 274 LR3e-05 ---- LOSS 0.19099300521285256
STEP 275 LR3e-05 ---- LOSS 0.1847786642700814
STEP 276 LR3e-05 ---- LOSS 0.18289235868367998
STEP 277 LR3e-05 ---- LOSS 0.18398279969376427
STEP 278 LR3e-05 ---- LOSS 0.18752716354562732
STEP 279 LR3e-05 ---- LOSS 0.18474863504201675
STEP 280 LR3e-05 ---- LOSS 0.17501522333768463
STEP 281 LR3e-05 ---- LOSS 0.1727184361041855
STEP 282 LR3e-05 ---- LOSS 0.16544332332801262
STEP 283 LR3e-05 ---- LOSS 0.16931252086810566
STEP 284 LR3e-05 ---- LOSS 0.1755997813163903
STEP 285 LR3e-05 ---- LOSS 0.17697814939189316
STEP 286 LR3e-05 ---- LOSS 0.17491576377542342
STEP 287 LR3e-05 ---- LOSS 0.18125596169225747
STEP 288 LR3e-05 ---- LOSS 0.18679280600183346
STEP 289 LR3e-05 ---- LOSS 0.18562711794286793
STEP 290 LR3e-05 ---- LOSS 0.18180286156335318
STEP 291 LR3e-05 ---- LOSS 0.18113273025034823
STEP 292 LR3e-05 ---- LOSS 0.1829705042285826
STEP 293 LR3e-05 ---- LOSS 0.18896120512274858
STEP 294 LR3e-05 ---- LOSS 0.19329100600291454
STEP 295 LR3e-05 ---- LOSS 0.19298751877018064
STEP 296 LR3e-05 ---- LOSS 0.1865153154099129
STEP 297 LR3e-05 ---- LOSS 0.1862445956794151
STEP 298 LR3e-05 ---- LOSS 0.19485594508001758

  0%|          | 0/100 [00:00<?, ?it/s]
  1%|          | 1/100 [00:00<00:14,  6.65it/s]
  2%|▏         | 2/100 [00:00<00:14,  6.78it/s]
  3%|▎         | 3/100 [00:00<00:14,  6.86it/s]
  4%|▍         | 4/100 [00:00<00:13,  6.91it/s]
  5%|▌         | 5/100 [00:00<00:12,  7.39it/s]
  6%|▌         | 6/100 [00:00<00:12,  7.71it/s]
  7%|▋         | 7/100 [00:00<00:11,  7.92it/s]
  8%|▊         | 8/100 [00:01<00:11,  8.09it/s]
  9%|▉         | 9/100 [00:01<00:11,  8.19it/s]
 10%|█         | 10/100 [00:01<00:10,  8.27it/s]
 11%|█         | 11/100 [00:01<00:11,  7.86it/s]
 12%|█▏        | 12/100 [00:01<00:10,  8.04it/s]
 13%|█▎        | 13/100 [00:01<00:10,  8.06it/s]
 14%|█▍        | 14/100 [00:01<00:10,  8.12it/s]
 15%|█▌        | 15/100 [00:01<00:10,  8.20it/s]
 16%|█▌        | 16/100 [00:02<00:10,  8.28it/s]
 17%|█▋        | 17/100 [00:02<00:09,  8.31it/s]
 18%|█▊        | 18/100 [00:02<00:09,  8.35it/s]
 19%|█▉        | 19/100 [00:02<00:09,  8.38it/s]
 20%|██        | 20/100 [00:02<00:09,  8.32it/s]
 21%|██        | 21/100 [00:02<00:09,  8.30it/s]
 22%|██▏       | 22/100 [00:02<00:09,  8.32it/s]
 23%|██▎       | 23/100 [00:02<00:09,  8.36it/s]
 24%|██▍       | 24/100 [00:02<00:09,  8.38it/s]
 25%|██▌       | 25/100 [00:03<00:08,  8.40it/s]
 26%|██▌       | 26/100 [00:03<00:08,  8.35it/s]
 27%|██▋       | 27/100 [00:03<00:08,  8.29it/s]
 28%|██▊       | 28/100 [00:03<00:08,  8.33it/s]
 29%|██▉       | 29/100 [00:03<00:08,  8.35it/s]
 30%|███       | 30/100 [00:03<00:08,  8.39it/s]
 31%|███       | 31/100 [00:03<00:08,  7.77it/s]
 32%|███▏      | 32/100 [00:03<00:08,  7.93it/s]
 33%|███▎      | 33/100 [00:04<00:08,  7.52it/s]
 34%|███▍      | 34/100 [00:04<00:08,  7.72it/s]
 35%|███▌      | 35/100 [00:04<00:08,  7.90it/s]
 36%|███▌      | 36/100 [00:04<00:08,  7.94it/s]
 37%|███▋      | 37/100 [00:04<00:08,  7.56it/s]
 38%|███▊      | 38/100 [00:04<00:08,  7.71it/s]
 39%|███▉      | 39/100 [00:04<00:07,  7.87it/s]
 40%|████      | 40/100 [00:05<00:07,  7.91it/s]
 41%|████      | 41/100 [00:05<00:07,  7.97it/s]
 42%|████▏     | 42/100 [00:05<00:07,  8.09it/s]
 43%|████▎     | 43/100 [00:05<00:07,  8.10it/s]
 44%|████▍     | 44/100 [00:05<00:06,  8.17it/s]
 45%|████▌     | 45/100 [00:05<00:06,  8.21it/s]
 46%|████▌     | 46/100 [00:05<00:06,  8.24it/s]
 47%|████▋     | 47/100 [00:05<00:06,  8.28it/s]
 48%|████▊     | 48/100 [00:05<00:06,  8.25it/s]
 49%|████▉     | 49/100 [00:06<00:06,  8.28it/s]
 50%|█████     | 50/100 [00:06<00:06,  8.30it/s]
 51%|█████     | 51/100 [00:06<00:05,  8.33it/s]
 52%|█████▏    | 52/100 [00:06<00:05,  8.26it/s]
 53%|█████▎    | 53/100 [00:06<00:05,  7.87it/s]
 54%|█████▍    | 54/100 [00:06<00:05,  7.96it/s]
 55%|█████▌    | 55/100 [00:06<00:05,  7.97it/s]
 56%|█████▌    | 56/100 [00:06<00:05,  8.05it/s]
 57%|█████▋    | 57/100 [00:07<00:05,  8.14it/s]
 58%|█████▊    | 58/100 [00:07<00:05,  8.18it/s]
 59%|█████▉    | 59/100 [00:07<00:05,  8.14it/s]
 60%|██████    | 60/100 [00:07<00:04,  8.19it/s]
 61%|██████    | 61/100 [00:07<00:04,  8.23it/s]
 62%|██████▏   | 62/100 [00:07<00:04,  8.17it/s]
 63%|██████▎   | 63/100 [00:07<00:04,  8.13it/s]
 64%|██████▍   | 64/100 [00:07<00:04,  7.51it/s]
 65%|██████▌   | 65/100 [00:08<00:04,  7.18it/s]
 66%|██████▌   | 66/100 [00:08<00:04,  7.47it/s]
 67%|██████▋   | 67/100 [00:08<00:04,  7.65it/s]
 68%|██████▊   | 68/100 [00:08<00:04,  7.83it/s]
 69%|██████▉   | 69/100 [00:08<00:03,  7.88it/s]
 70%|███████   | 70/100 [00:08<00:03,  7.99it/s]
 71%|███████   | 71/100 [00:08<00:03,  7.98it/s]
 72%|███████▏  | 72/100 [00:08<00:03,  8.02it/s]
 73%|███████▎  | 73/100 [00:09<00:03,  8.09it/s]
 74%|███████▍  | 74/100 [00:09<00:03,  8.17it/s]
 75%|███████▌  | 75/100 [00:09<00:03,  8.22it/s]
 76%|███████▌  | 76/100 [00:09<00:02,  8.26it/s]
 77%|███████▋  | 77/100 [00:09<00:02,  8.27it/s]
 78%|███████▊  | 78/100 [00:09<00:02,  8.30it/s]
 79%|███████▉  | 79/100 [00:09<00:02,  8.30it/s]
 80%|████████  | 80/100 [00:09<00:02,  8.34it/s]
 81%|████████  | 81/100 [00:10<00:02,  8.34it/s]
 82%|████████▏ | 82/100 [00:10<00:02,  8.27it/s]
 83%|████████▎ | 83/100 [00:10<00:02,  8.28it/s]
 84%|████████▍ | 84/100 [00:10<00:01,  8.28it/s]
 85%|████████▌ | 85/100 [00:10<00:01,  8.32it/s]
 86%|████████▌ | 86/100 [00:10<00:01,  8.33it/s]
 87%|████████▋ | 87/100 [00:10<00:01,  8.32it/s]
 88%|████████▊ | 88/100 [00:10<00:01,  8.31it/s]
 89%|████████▉ | 89/100 [00:11<00:01,  8.32it/s]
 90%|█████████ | 90/100 [00:11<00:01,  8.25it/s]
 91%|█████████ | 91/100 [00:11<00:01,  8.18it/s]
 92%|█████████▏| 92/100 [00:11<00:00,  8.23it/s]
 93%|█████████▎| 93/100 [00:11<00:00,  8.25it/s]
 94%|█████████▍| 94/100 [00:11<00:00,  8.29it/s]
 95%|█████████▌| 95/100 [00:11<00:00,  8.33it/s]
 96%|█████████▌| 96/100 [00:11<00:00,  8.31it/s]
 97%|█████████▋| 97/100 [00:12<00:00,  8.25it/s]
 98%|█████████▊| 98/100 [00:12<00:00,  8.23it/s]
 99%|█████████▉| 99/100 [00:12<00:00,  8.25it/s]
100%|██████████| 100/100 [00:12<00:00,  8.30it/s]
100%|██████████| 100/100 [00:12<00:00,  8.08it/s]
Logit for '1': 15.0, Logit for '2': 22.5
Logit for '1': 15.3125, Logit for '2': 23.375
Logit for '1': 15.125, Logit for '2': 24.125
Logit for '1': 12.8125, Logit for '2': 22.75
Logit for '1': 13.125, Logit for '2': 23.625
Logit for '1': 14.375, Logit for '2': 23.375
Logit for '1': 17.0, Logit for '2': 22.25
Logit for '1': 17.5, Logit for '2': 22.5
Logit for '1': 17.625, Logit for '2': 22.25
Logit for '1': 14.6875, Logit for '2': 22.75
Logit for '1': 13.5, Logit for '2': 23.875
Logit for '1': 13.5, Logit for '2': 23.625
Logit for '1': 16.625, Logit for '2': 22.625
Logit for '1': 14.3125, Logit for '2': 24.125
Logit for '1': 13.5, Logit for '2': 23.625
Logit for '1': 13.8125, Logit for '2': 23.625
Logit for '1': 13.6875, Logit for '2': 23.875
Logit for '1': 13.25, Logit for '2': 24.0
Logit for '1': 14.0625, Logit for '2': 24.5
Logit for '1': 13.5625, Logit for '2': 23.5
Logit for '1': 15.375, Logit for '2': 23.25
Logit for '1': 14.3125, Logit for '2': 22.875
Logit for '1': 14.875, Logit for '2': 21.75
Logit for '1': 14.3125, Logit for '2': 23.875
Logit for '1': 15.75, Logit for '2': 22.25
Logit for '1': 16.625, Logit for '2': 21.75
Logit for '1': 15.625, Logit for '2': 22.5
Logit for '1': 14.875, Logit for '2': 22.375
Logit for '1': 17.75, Logit for '2': 22.5
Logit for '1': 15.5, Logit for '2': 23.0
Logit for '1': 16.875, Logit for '2': 22.75
Logit for '1': 14.5, Logit for '2': 23.25
Logit for '1': 14.5625, Logit for '2': 22.5
Logit for '1': 20.25, Logit for '2': 21.25
Logit for '1': 18.375, Logit for '2': 22.25
Logit for '1': 16.625, Logit for '2': 23.125
Logit for '1': 15.9375, Logit for '2': 23.0
Logit for '1': 17.875, Logit for '2': 21.875
Logit for '1': 19.5, Logit for '2': 22.875
Logit for '1': 20.625, Logit for '2': 21.125
Logit for '1': 13.9375, Logit for '2': 24.0
Logit for '1': 14.8125, Logit for '2': 22.75
Logit for '1': 13.625, Logit for '2': 23.125
Logit for '1': 22.0, Logit for '2': 17.625
Logit for '1': 15.0625, Logit for '2': 22.875
Logit for '1': 13.8125, Logit for '2': 23.125
Logit for '1': 16.125, Logit for '2': 22.875
Logit for '1': 14.125, Logit for '2': 23.125
Logit for '1': 13.75, Logit for '2': 22.5
Logit for '1': 14.5625, Logit for '2': 22.875
Logit for '1': 13.375, Logit for '2': 23.875
Logit for '1': 15.25, Logit for '2': 24.375
Logit for '1': 14.6875, Logit for '2': 23.625
Logit for '1': 15.0, Logit for '2': 24.25
Logit for '1': 14.625, Logit for '2': 23.125
Logit for '1': 14.5, Logit for '2': 23.875
Logit for '1': 20.375, Logit for '2': 21.25
Logit for '1': 17.375, Logit for '2': 22.25
Logit for '1': 15.1875, Logit for '2': 23.125
Logit for '1': 14.6875, Logit for '2': 23.25
Logit for '1': 14.4375, Logit for '2': 23.0
Logit for '1': 21.25, Logit for '2': 21.125
Logit for '1': 14.25, Logit for '2': 23.625
Logit for '1': 15.875, Logit for '2': 22.5
Logit for '1': 16.5, Logit for '2': 22.375
Logit for '1': 15.25, Logit for '2': 23.0
Logit for '1': 14.625, Logit for '2': 24.25
Logit for '1': 20.75, Logit for '2': 20.125
Logit for '1': 21.0, Logit for '2': 22.125
Logit for '1': 13.125, Logit for '2': 22.375
Logit for '1': 15.0625, Logit for '2': 23.75
Logit for '1': 16.0, Logit for '2': 23.125
Logit for '1': 18.5, Logit for '2': 22.25
Logit for '1': 18.0, Logit for '2': 23.25
Logit for '1': 14.1875, Logit for '2': 23.375
Logit for '1': 15.75, Logit for '2': 23.875
Logit for '1': 18.0, Logit for '2': 21.625
Logit for '1': 19.5, Logit for '2': 21.75
Logit for '1': 15.375, Logit for '2': 22.0
Logit for '1': 14.9375, Logit for '2': 23.0
Logit for '1': 14.6875, Logit for '2': 22.875
Logit for '1': 15.8125, Logit for '2': 23.0
Logit for '1': 14.625, Logit for '2': 23.5
Logit for '1': 19.125, Logit for '2': 22.375
Logit for '1': 15.5, Logit for '2': 23.5
Logit for '1': 14.0, Logit for '2': 22.5
Logit for '1': 14.9375, Logit for '2': 23.875
Logit for '1': 15.75, Logit for '2': 22.0
Logit for '1': 15.125, Logit for '2': 23.875
Logit for '1': 14.5625, Logit for '2': 23.375
Logit for '1': 14.0625, Logit for '2': 24.5
Logit for '1': 14.0, Logit for '2': 23.125
Logit for '1': 12.75, Logit for '2': 23.125
Logit for '1': 13.75, Logit for '2': 23.75
Logit for '1': 15.5625, Logit for '2': 23.375
Logit for '1': 14.0625, Logit for '2': 23.625
Logit for '1': 16.625, Logit for '2': 23.125
Logit for '1': 14.75, Logit for '2': 22.75
Logit for '1': 14.5625, Logit for '2': 23.625
Logit for '1': 13.875, Logit for '2': 23.875
STEP 298 LR3e-05 ---- MON (4, 96, 0)
STEP 299 LR3e-05 ---- LOSS 0.1960412115777989
